<?xml version="1.0" encoding="UTF-8"?>
<testng-results skipped="0" failed="1" ignored="0" total="4" passed="3">
  <reporter-output>
  </reporter-output>
  <suite name="Suite" duration-ms="22970" started-at="2020-09-19T23:23:21 IST" finished-at="2020-09-19T23:23:44 IST">
    <groups>
    </groups>
    <test name="validating Navigation bar" duration-ms="6800" started-at="2020-09-19T23:23:21 IST" finished-at="2020-09-19T23:23:28 IST">
      <class name="Academy.ValidateNavigationBar">
        <test-method status="PASS" signature="intialize()[pri:0, instance:Academy.ValidateNavigationBar@614ca7df]" name="intialize" is-config="true" duration-ms="6424" started-at="2020-09-19T23:23:21 IST" finished-at="2020-09-19T23:23:28 IST">
          <reporter-output>
          </reporter-output>
        </test-method> <!-- intialize -->
        <test-method status="PASS" signature="validateNavbar()[pri:0, instance:Academy.ValidateNavigationBar@614ca7df]" name="validateNavbar" duration-ms="98" started-at="2020-09-19T23:23:28 IST" finished-at="2020-09-19T23:23:28 IST">
          <reporter-output>
          </reporter-output>
        </test-method> <!-- validateNavbar -->
        <test-method status="PASS" signature="teardown()[pri:0, instance:Academy.ValidateNavigationBar@614ca7df]" name="teardown" is-config="true" duration-ms="230" started-at="2020-09-19T23:23:28 IST" finished-at="2020-09-19T23:23:28 IST">
          <reporter-output>
          </reporter-output>
        </test-method> <!-- teardown -->
      </class> <!-- Academy.ValidateNavigationBar -->
    </test> <!-- validating Navigation bar -->
    <test name="validating Title" duration-ms="6530" started-at="2020-09-19T23:23:29 IST" finished-at="2020-09-19T23:23:35 IST">
      <class name="Academy.ValidateTitleTest">
        <test-method status="PASS" signature="intialize()[pri:0, instance:Academy.ValidateTitleTest@3ee37e5a]" name="intialize" is-config="true" duration-ms="5661" started-at="2020-09-19T23:23:29 IST" finished-at="2020-09-19T23:23:34 IST">
          <reporter-output>
          </reporter-output>
        </test-method> <!-- intialize -->
        <test-method status="FAIL" signature="validateTitle()[pri:0, instance:Academy.ValidateTitleTest@3ee37e5a]" name="validateTitle" duration-ms="197" started-at="2020-09-19T23:23:34 IST" finished-at="2020-09-19T23:23:35 IST">
          <exception class="java.lang.AssertionError">
            <message>
              <![CDATA[expected [FEATURED CO1URSES] but found [FEATURED COURSES]]]>
            </message>
            <full-stacktrace>
              <![CDATA[java.lang.AssertionError: expected [FEATURED CO1URSES] but found [FEATURED COURSES]
at org.testng.Assert.fail(Assert.java:99)
at org.testng.Assert.failNotEquals(Assert.java:1037)
at org.testng.Assert.assertEqualsImpl(Assert.java:140)
at org.testng.Assert.assertEquals(Assert.java:122)
at org.testng.Assert.assertEquals(Assert.java:629)
at org.testng.Assert.assertEquals(Assert.java:639)
at Academy.ValidateTitleTest.validateTitle(ValidateTitleTest.java:35)
at sun.reflect.NativeMethodAccessorImpl.invoke0(Native Method)
at sun.reflect.NativeMethodAccessorImpl.invoke(NativeMethodAccessorImpl.java:62)
at sun.reflect.DelegatingMethodAccessorImpl.invoke(DelegatingMethodAccessorImpl.java:43)
at java.lang.reflect.Method.invoke(Method.java:498)
at org.testng.internal.MethodInvocationHelper.invokeMethod(MethodInvocationHelper.java:132)
at org.testng.internal.TestInvoker.invokeMethod(TestInvoker.java:599)
at org.testng.internal.TestInvoker.invokeTestMethod(TestInvoker.java:174)
at org.testng.internal.MethodRunner.runInSequence(MethodRunner.java:46)
at org.testng.internal.TestInvoker$MethodInvocationAgent.invoke(TestInvoker.java:822)
at org.testng.internal.TestInvoker.invokeTestMethods(TestInvoker.java:147)
at org.testng.internal.TestMethodWorker.invokeTestMethods(TestMethodWorker.java:146)
at org.testng.internal.TestMethodWorker.run(TestMethodWorker.java:128)
at java.util.ArrayList.forEach(ArrayList.java:1257)
at org.testng.TestRunner.privateRun(TestRunner.java:764)
at org.testng.TestRunner.run(TestRunner.java:585)
at org.testng.SuiteRunner.runTest(SuiteRunner.java:384)
at org.testng.SuiteRunner.runSequentially(SuiteRunner.java:378)
at org.testng.SuiteRunner.privateRun(SuiteRunner.java:337)
at org.testng.SuiteRunner.run(SuiteRunner.java:286)
at org.testng.SuiteRunnerWorker.runSuite(SuiteRunnerWorker.java:53)
at org.testng.SuiteRunnerWorker.run(SuiteRunnerWorker.java:96)
at org.testng.TestNG.runSuitesSequentially(TestNG.java:1218)
at org.testng.TestNG.runSuitesLocally(TestNG.java:1140)
at org.testng.TestNG.runSuites(TestNG.java:1069)
at org.testng.TestNG.run(TestNG.java:1037)
at org.testng.remote.AbstractRemoteTestNG.run(AbstractRemoteTestNG.java:115)
at org.testng.remote.RemoteTestNG.initAndRun(RemoteTestNG.java:251)
at org.testng.remote.RemoteTestNG.main(RemoteTestNG.java:77)
]]>
            </full-stacktrace>
          </exception> <!-- java.lang.AssertionError -->
          <reporter-output>
          </reporter-output>
        </test-method> <!-- validateTitle -->
        <test-method status="PASS" signature="teardown()[pri:0, instance:Academy.ValidateTitleTest@3ee37e5a]" name="teardown" is-config="true" duration-ms="186" started-at="2020-09-19T23:23:35 IST" finished-at="2020-09-19T23:23:35 IST">
          <reporter-output>
          </reporter-output>
        </test-method> <!-- teardown -->
      </class> <!-- Academy.ValidateTitleTest -->
    </test> <!-- validating Title -->
    <test name="Login with user" duration-ms="9106" started-at="2020-09-19T23:23:35 IST" finished-at="2020-09-19T23:23:44 IST">
      <class name="Academy.HomePage">
        <test-method status="PASS" signature="intialize()[pri:0, instance:Academy.HomePage@957e06]" name="intialize" is-config="true" duration-ms="8399" started-at="2020-09-19T23:23:35 IST" finished-at="2020-09-19T23:23:44 IST">
          <reporter-output>
          </reporter-output>
        </test-method> <!-- intialize -->
        <test-method status="PASS" signature="basepageNavigation(java.lang.String, java.lang.String)[pri:0, instance:Academy.HomePage@957e06]" name="basepageNavigation" duration-ms="295" started-at="2020-09-19T23:23:44 IST" data-provider="getData" finished-at="2020-09-19T23:23:44 IST">
          <params>
            <param index="0">
              <value>
                <![CDATA[user1@gmail.com]]>
              </value>
            </param>
            <param index="1">
              <value>
                <![CDATA[123456]]>
              </value>
            </param>
          </params>
          <reporter-output>
          </reporter-output>
        </test-method> <!-- basepageNavigation -->
        <test-method status="PASS" signature="basepageNavigation(java.lang.String, java.lang.String)[pri:0, instance:Academy.HomePage@957e06]" name="basepageNavigation" duration-ms="223" started-at="2020-09-19T23:23:44 IST" data-provider="getData" finished-at="2020-09-19T23:23:44 IST">
          <params>
            <param index="0">
              <value>
                <![CDATA[user2@abc.com]]>
              </value>
            </param>
            <param index="1">
              <value>
                <![CDATA[123456]]>
              </value>
            </param>
          </params>
          <reporter-output>
          </reporter-output>
        </test-method> <!-- basepageNavigation -->
        <test-method status="PASS" signature="teardown()[pri:0, instance:Academy.HomePage@957e06]" name="teardown" is-config="true" duration-ms="181" started-at="2020-09-19T23:23:44 IST" finished-at="2020-09-19T23:23:44 IST">
          <reporter-output>
          </reporter-output>
        </test-method> <!-- teardown -->
      </class> <!-- Academy.HomePage -->
    </test> <!-- Login with user -->
  </suite> <!-- Suite -->
</testng-results>
